<?xml version="1.0" encoding="UTF-8"?>
<robot generator="Robot 3.2.1 (Python 3.7.6 on darwin)" generated="20200604 09:30:24.256" rpa="false">
<suite id="s1" name="BasicSearch" source="/Users/loitq/PycharmProjects/robot/demo/BasicSearch.robot">
<test id="s1-t1" name="Verify basic search functionally for eBay">
<kw name="Provided precondition">
<kw name="Open Browser">
<arguments>
<arg>${LOGIN URL}</arg>
<arg>${BROWSER}</arg>
</arguments>
<msg timestamp="20200604 09:30:24.278" level="FAIL">No keyword with name 'Open Browser' found.</msg>
<status status="FAIL" starttime="20200604 09:30:24.278" endtime="20200604 09:30:24.278"></status>
</kw>
<status status="FAIL" starttime="20200604 09:30:24.277" endtime="20200604 09:30:24.279"></status>
</kw>
<doc>This test case verifies the basic search</doc>
<tags>
<tag>Functionally</tag>
</tags>
<status status="FAIL" starttime="20200604 09:30:24.277" endtime="20200604 09:30:24.279" critical="yes">No keyword with name 'Open Browser' found.</status>
</test>
<doc>Basic Search</doc>
<status status="FAIL" starttime="20200604 09:30:24.257" endtime="20200604 09:30:24.279"></status>
</suite>
<statistics>
<total>
<stat pass="0" fail="1">Critical Tests</stat>
<stat pass="0" fail="1">All Tests</stat>
</total>
<tag>
<stat pass="0" fail="1">Functionally</stat>
</tag>
<suite>
<stat pass="0" fail="1" id="s1" name="BasicSearch">BasicSearch</stat>
</suite>
</statistics>
<errors>
<msg timestamp="20200604 09:30:24.276" level="ERROR">Error in file '/Users/loitq/PycharmProjects/robot/demo/BasicSearch.robot' on line 3: Importing test library 'SeleniumLibrary' failed: ModuleNotFoundError: No module named 'SeleniumLibrary'
Traceback (most recent call last):
  None
PYTHONPATH:
  /usr/local/bin
  /usr/local/Cellar/python/3.7.6_1/Frameworks/Python.framework/Versions/3.7/lib/python37.zip
  /usr/local/Cellar/python/3.7.6_1/Frameworks/Python.framework/Versions/3.7/lib/python3.7
  /usr/local/Cellar/python/3.7.6_1/Frameworks/Python.framework/Versions/3.7/lib/python3.7/lib-dynload
  /usr/local/lib/python3.7/site-packages
  /usr/local/lib/python3.7/site-packages/selenium-3.141.0-py3.7.egg</msg>
</errors>
</robot>
